<?xml version="1.0" encoding="UTF-8"?>
<testng-results skipped="0" failed="0" ignored="0" total="0" passed="0">
  <reporter-output>
  </reporter-output>
  <suite name="Default suite" duration-ms="22258" started-at="2020-04-09T14:36:07Z" finished-at="2020-04-09T14:36:29Z">
    <groups>
    </groups>
    <test name="Default test" duration-ms="22258" started-at="2020-04-09T14:36:07Z" finished-at="2020-04-09T14:36:29Z">
      <class name="Login2.Login2.Runner">
        <test-method status="PASS" signature="before()[pri:0, instance:Login2.Login2.Runner@31f924f5]" name="before" is-config="true" duration-ms="22249" started-at="2020-04-09T14:36:07Z" finished-at="2020-04-09T14:36:29Z">
          <reporter-output>
          </reporter-output>
        </test-method> <!-- before -->
      </class> <!-- Login2.Login2.Runner -->
    </test> <!-- Default test -->
  </suite> <!-- Default suite -->
</testng-results>
